2025-06-15 17:15:08,606 - INFO - Performance settings: flush_every=10, sync_every=20
2025-06-15 17:15:08,607 - INFO - WARNING: Reduced file sync frequency may risk data loss on unexpected shutdown
2025-06-15 17:15:08,607 - INFO - Using FPGA file at rfsoc4x2_tut_spec_cx/outputs/rfsoc4x2_tut_spec_cx_14pt_fft_2025-05-19_1245.fpg
2025-06-15 17:15:08,607 - INFO - Connecting to FPGA at 172.20.3.12...
2025-06-15 17:15:08,824 - INFO - Connected to FPGA
2025-06-15 17:15:08,824 - INFO - Programming FPGA with rfsoc4x2_tut_spec_cx/outputs/rfsoc4x2_tut_spec_cx_14pt_fft_2025-05-19_1245.fpg
2025-06-15 17:15:10,435 - INFO - FPGA programmed successfully
2025-06-15 17:15:12,438 - INFO - Reading FPGA system information
2025-06-15 17:15:12,907 - INFO - Setting acc_len to 32768
2025-06-15 17:15:13,013 - INFO - Setting adc_chan_sel to 0
2025-06-15 17:15:13,118 - INFO - Resetting counters
2025-06-15 17:15:18,132 - WARNING - Could not connect to shared memory: [Errno 2] No such file or directory: '/dev/shm/bcp_spectrometer_data'
2025-06-15 17:15:18,133 - WARNING - UDP server may not be running - spectrum data will only be saved to files
2025-06-15 17:15:18,133 - INFO - Starting 120 kHz resolution spectrometer acquisition
2025-06-15 17:15:18,134 - INFO - FFT size: 16384, Frequency resolution: 0.120000 MHz
2025-06-15 17:15:18,134 - INFO - Water maser processing: center_bin=10574, zoom_bins=83
2025-06-15 17:15:18,135 - INFO - Zoom window: bins 10491-10657 (167 points)
2025-06-15 17:15:18,135 - INFO - Frequency range: 22.225000-22.245000 GHz
2025-06-15 17:15:18,135 - INFO - Data acquisition in progress...
2025-06-15 17:15:18,139 - ERROR - Error creating data folder: [Errno 13] Permission denied: '/media/saggitarius/T7'
2025-06-15 17:15:18,139 - ERROR - Failed to create data folder. Exiting.
2025-06-15 17:15:18,140 - INFO - Script finished
2025-06-15 17:21:58,645 - INFO - Performance settings: flush_every=20, sync_every=50, timing=True
2025-06-15 17:21:58,645 - INFO - WARNING: Reduced file sync frequency may risk data loss on unexpected shutdown
2025-06-15 17:21:58,645 - INFO - Using FPGA file at rfsoc4x2_tut_spec_cx/outputs/rfsoc4x2_tut_spec_cx_14pt_fft_2025-05-19_1245.fpg
2025-06-15 17:21:58,645 - INFO - Connecting to FPGA at 172.20.3.12...
2025-06-15 17:21:58,862 - INFO - Connected to FPGA
2025-06-15 17:21:58,862 - INFO - Programming FPGA with rfsoc4x2_tut_spec_cx/outputs/rfsoc4x2_tut_spec_cx_14pt_fft_2025-05-19_1245.fpg
2025-06-15 17:22:00,475 - INFO - FPGA programmed successfully
2025-06-15 17:22:02,478 - INFO - Reading FPGA system information
2025-06-15 17:22:02,950 - INFO - Setting acc_len to 32768
2025-06-15 17:22:03,056 - INFO - Setting adc_chan_sel to 0
2025-06-15 17:22:03,161 - INFO - Resetting counters
2025-06-15 17:22:08,174 - WARNING - Could not connect to shared memory: [Errno 2] No such file or directory: '/dev/shm/bcp_spectrometer_data'
2025-06-15 17:22:08,175 - WARNING - UDP server may not be running - spectrum data will only be saved to files
2025-06-15 17:22:08,175 - INFO - Starting 120 kHz resolution spectrometer acquisition
2025-06-15 17:22:08,176 - INFO - FFT size: 16384, Frequency resolution: 0.120000 MHz
2025-06-15 17:22:08,176 - INFO - Water maser processing: center_bin=10574, zoom_bins=83
2025-06-15 17:22:08,176 - INFO - Zoom window: bins 10491-10657 (167 points)
2025-06-15 17:22:08,177 - INFO - Frequency range: 22.225000-22.245000 GHz
2025-06-15 17:22:08,177 - INFO - Data acquisition in progress...
2025-06-15 17:22:52,804 - INFO - Received termination signal. Cleaning up...
2025-06-15 17:25:24,435 - INFO - Performance settings: flush_every=100, sync_every=200, timing=True
2025-06-15 17:25:24,436 - INFO - WARNING: Reduced file sync frequency may risk data loss on unexpected shutdown
2025-06-15 17:25:24,436 - INFO - Using FPGA file at rfsoc4x2_tut_spec_cx/outputs/rfsoc4x2_tut_spec_cx_14pt_fft_2025-05-19_1245.fpg
2025-06-15 17:25:24,436 - INFO - Connecting to FPGA at 172.20.3.12...
2025-06-15 17:25:24,653 - INFO - Connected to FPGA
2025-06-15 17:25:24,654 - INFO - Programming FPGA with rfsoc4x2_tut_spec_cx/outputs/rfsoc4x2_tut_spec_cx_14pt_fft_2025-05-19_1245.fpg
2025-06-15 17:25:26,525 - INFO - FPGA programmed successfully
2025-06-15 17:25:28,528 - INFO - Reading FPGA system information
2025-06-15 17:25:28,998 - INFO - Setting acc_len to 32768
2025-06-15 17:25:29,102 - INFO - Setting adc_chan_sel to 0
2025-06-15 17:25:29,207 - INFO - Resetting counters
2025-06-15 17:25:34,222 - WARNING - Could not connect to shared memory: [Errno 2] No such file or directory: '/dev/shm/bcp_spectrometer_data'
2025-06-15 17:25:34,223 - WARNING - UDP server may not be running - spectrum data will only be saved to files
2025-06-15 17:25:34,223 - INFO - Starting 120 kHz resolution spectrometer acquisition
2025-06-15 17:25:34,223 - INFO - FFT size: 16384, Frequency resolution: 0.120000 MHz
2025-06-15 17:25:34,224 - INFO - Water maser processing: center_bin=10574, zoom_bins=83
2025-06-15 17:25:34,224 - INFO - Zoom window: bins 10491-10657 (167 points)
2025-06-15 17:25:34,225 - INFO - Frequency range: 22.225000-22.245000 GHz
2025-06-15 17:25:34,225 - INFO - Data acquisition in progress...
2025-06-15 17:26:34,875 - INFO - Performance: 120 spectra in 60.2s = 1.99 Hz
2025-06-15 17:26:34,876 - INFO -   fpga_wait: avg=12.01ms, max=23.88ms
2025-06-15 17:26:34,877 - INFO -   fpga_read: avg=431.73ms, max=456.58ms
2025-06-15 17:26:34,878 - INFO -   processing: avg=1.74ms, max=1.95ms
2025-06-15 17:26:34,879 - INFO -   file_io: avg=53.39ms, max=56.97ms
2025-06-15 17:26:34,880 - INFO -   shared_mem: avg=0.01ms, max=0.04ms
2025-06-15 17:27:34,914 - INFO - Performance: 236 spectra in 120.4s = 1.96 Hz
2025-06-15 17:27:34,915 - INFO -   fpga_wait: avg=11.75ms, max=24.39ms
2025-06-15 17:27:34,916 - INFO -   fpga_read: avg=444.60ms, max=465.73ms
2025-06-15 17:27:34,917 - INFO -   processing: avg=1.74ms, max=1.90ms
2025-06-15 17:27:34,918 - INFO -   file_io: avg=54.13ms, max=118.31ms
2025-06-15 17:27:34,919 - INFO -   shared_mem: avg=0.00ms, max=0.01ms
2025-06-15 17:28:21,693 - INFO - Received termination signal. Cleaning up...
2025-06-15 17:31:46,996 - INFO - Performance settings: flush_every=100, sync_every=200, timing=True
2025-06-15 17:31:46,997 - INFO - WARNING: Reduced file sync frequency may risk data loss on unexpected shutdown
2025-06-15 17:31:46,997 - INFO - Using FPGA file at rfsoc4x2_tut_spec_cx/outputs/rfsoc4x2_tut_spec_cx_14pt_fft_2025-05-19_1245.fpg
2025-06-15 17:31:46,997 - INFO - Connecting to FPGA at 172.20.3.12...
2025-06-15 17:31:47,213 - INFO - Connected to FPGA
2025-06-15 17:31:47,213 - INFO - Programming FPGA with rfsoc4x2_tut_spec_cx/outputs/rfsoc4x2_tut_spec_cx_14pt_fft_2025-05-19_1245.fpg
2025-06-15 17:31:48,832 - INFO - FPGA programmed successfully
2025-06-15 17:31:50,834 - INFO - Reading FPGA system information
2025-06-15 17:31:51,306 - INFO - Setting acc_len to 32768
2025-06-15 17:31:51,411 - INFO - Setting adc_chan_sel to 0
2025-06-15 17:31:51,517 - INFO - Resetting counters
2025-06-15 17:31:56,530 - WARNING - Could not connect to shared memory: [Errno 2] No such file or directory: '/dev/shm/bcp_spectrometer_data'
2025-06-15 17:31:56,530 - WARNING - UDP server may not be running - spectrum data will only be saved to files
2025-06-15 17:31:56,530 - INFO - Starting 120 kHz resolution spectrometer acquisition
2025-06-15 17:31:56,531 - INFO - FFT size: 16384, Frequency resolution: 0.120000 MHz
2025-06-15 17:31:56,531 - INFO - Water maser processing: center_bin=10574, zoom_bins=83
2025-06-15 17:31:56,531 - INFO - Zoom window: bins 10491-10657 (167 points)
2025-06-15 17:31:56,532 - INFO - Frequency range: 22.225000-22.245000 GHz
2025-06-15 17:31:56,532 - INFO - Data acquisition in progress...
2025-06-15 17:32:57,280 - INFO - Performance: 132 spectra in 60.3s = 2.19 Hz
2025-06-15 17:32:57,281 - INFO -   fpga_wait: avg=12.98ms, max=24.71ms
2025-06-15 17:32:57,282 - INFO -   fpga_read: avg=381.70ms, max=438.32ms
2025-06-15 17:32:57,283 - INFO -   processing: avg=1.77ms, max=2.19ms
2025-06-15 17:32:57,283 - INFO -   file_io: avg=57.18ms, max=62.41ms
2025-06-15 17:32:57,284 - INFO -   shared_mem: avg=0.01ms, max=0.04ms
2025-06-15 17:33:57,415 - INFO - Performance: 259 spectra in 120.4s = 2.15 Hz
2025-06-15 17:33:57,416 - INFO -   fpga_wait: avg=12.01ms, max=24.31ms
2025-06-15 17:33:57,417 - INFO -   fpga_read: avg=397.32ms, max=443.34ms
2025-06-15 17:33:57,417 - INFO -   processing: avg=1.73ms, max=1.97ms
2025-06-15 17:33:57,418 - INFO -   file_io: avg=55.87ms, max=68.50ms
2025-06-15 17:33:57,419 - INFO -   shared_mem: avg=0.01ms, max=0.01ms
2025-06-15 17:34:40,401 - INFO - Received termination signal. Cleaning up...
2025-06-15 17:38:16,751 - INFO - Performance settings: flush_every=100, sync_every=200, timing=True
2025-06-15 17:38:16,752 - INFO - WARNING: Reduced file sync frequency may risk data loss on unexpected shutdown
2025-06-15 17:38:16,752 - INFO - Using FPGA file at rfsoc4x2_tut_spec_cx/outputs/rfsoc4x2_tut_spec_cx_14pt_fft_2025-05-19_1245.fpg
2025-06-15 17:38:16,752 - INFO - Connecting to FPGA at 172.20.3.12...
2025-06-15 17:38:16,971 - INFO - Connected to FPGA
2025-06-15 17:38:16,971 - INFO - Programming FPGA with rfsoc4x2_tut_spec_cx/outputs/rfsoc4x2_tut_spec_cx_14pt_fft_2025-05-19_1245.fpg
2025-06-15 17:38:18,588 - INFO - FPGA programmed successfully
2025-06-15 17:38:20,591 - INFO - Reading FPGA system information
2025-06-15 17:38:21,055 - INFO - Setting acc_len to 16384
2025-06-15 17:38:21,160 - INFO - Setting adc_chan_sel to 0
2025-06-15 17:38:21,265 - INFO - Resetting counters
2025-06-15 17:38:26,279 - WARNING - Could not connect to shared memory: [Errno 2] No such file or directory: '/dev/shm/bcp_spectrometer_data'
2025-06-15 17:38:26,280 - WARNING - UDP server may not be running - spectrum data will only be saved to files
2025-06-15 17:38:26,280 - INFO - Starting 120 kHz resolution spectrometer acquisition
2025-06-15 17:38:26,280 - INFO - FFT size: 16384, Frequency resolution: 0.120000 MHz
2025-06-15 17:38:26,281 - INFO - Water maser processing: center_bin=10574, zoom_bins=83
2025-06-15 17:38:26,281 - INFO - Zoom window: bins 10491-10657 (167 points)
2025-06-15 17:38:26,281 - INFO - Frequency range: 22.225000-22.245000 GHz
2025-06-15 17:38:26,282 - INFO - Data acquisition in progress...
2025-06-15 17:39:27,110 - INFO - Performance: 126 spectra in 60.5s = 2.08 Hz
2025-06-15 17:39:27,111 - INFO -   fpga_wait: avg=18.85ms, max=52.79ms
2025-06-15 17:39:27,112 - INFO -   fpga_read: avg=400.27ms, max=434.27ms
2025-06-15 17:39:27,113 - INFO -   processing: avg=1.75ms, max=2.19ms
2025-06-15 17:39:27,114 - INFO -   file_io: avg=55.96ms, max=61.02ms
2025-06-15 17:39:27,115 - INFO -   shared_mem: avg=0.01ms, max=0.01ms
2025-06-15 17:40:01,842 - INFO - Received termination signal. Cleaning up...
