Mon Jul  7 17:25:37 2025 : telemetry_server.c : telemetry_server_init : Telemetry server initialized
Mon Jul  7 17:25:37 2025 : telemetry_server.c : telemetry_server_start : Telemetry server started
Mon Jul  7 17:25:37 2025 : telemetry_server.c : telemetry_init_socket : Telemetry server started successfully on port 8082
Mon Jul  7 17:25:37 2025 : telemetry_server.c : telemetry_server_thread : Telemetry server thread started
Mon Jul  7 17:25:50 2025 : telemetry_server.c : telemetry_server_thread : Shutting down telemetry server
Mon Jul  7 17:41:05 2025 : telemetry_server.c : telemetry_server_init : Telemetry server initialized
Mon Jul  7 17:41:05 2025 : telemetry_server.c : telemetry_server_start : Telemetry server started
Mon Jul  7 17:41:05 2025 : telemetry_server.c : telemetry_init_socket : Telemetry server started successfully on port 8082
Mon Jul  7 17:41:05 2025 : telemetry_server.c : telemetry_server_thread : Telemetry server thread started
Mon Jul  7 17:41:11 2025 : telemetry_server.c : telemetry_server_thread : Shutting down telemetry server
Mon Jul  7 17:41:11 2025 : telemetry_server.c : telemetry_server_stop : Telemetry server stopped
Mon Jul  7 17:41:30 2025 : telemetry_server.c : telemetry_server_init : Telemetry server initialized
Mon Jul  7 17:41:30 2025 : telemetry_server.c : telemetry_server_start : Telemetry server started
Tue Jul  8 12:15:12 2025 : telemetry_server.c : telemetry_server_init : Telemetry server initialized
Tue Jul  8 12:15:12 2025 : telemetry_server.c : telemetry_server_start : Telemetry server started
Tue Jul  8 12:15:12 2025 : telemetry_server.c : telemetry_init_socket : Telemetry server started successfully on port 8082
Tue Jul  8 12:15:12 2025 : telemetry_server.c : telemetry_server_thread : Telemetry server thread started
Tue Jul  8 12:15:24 2025 : telemetry_server.c : telemetry_server_thread : Shutting down telemetry server
Tue Jul  8 12:15:24 2025 : telemetry_server.c : telemetry_server_stop : Telemetry server stopped
Tue Jul  8 12:19:48 2025 : telemetry_server.c : telemetry_server_init : Telemetry server initialized
Tue Jul  8 12:19:48 2025 : telemetry_server.c : telemetry_server_start : Telemetry server started
Tue Jul  8 12:19:48 2025 : telemetry_server.c : telemetry_init_socket : Telemetry server started successfully on port 8082
Tue Jul  8 12:19:48 2025 : telemetry_server.c : telemetry_server_thread : Telemetry server thread started
Tue Jul  8 12:27:43 2025 : telemetry_server.c : telemetry_server_thread : Shutting down telemetry server
Tue Jul  8 12:27:43 2025 : telemetry_server.c : telemetry_server_stop : Telemetry server stopped
Tue Jul  8 12:32:53 2025 : telemetry_server.c : telemetry_server_init : Telemetry server initialized
Tue Jul  8 12:32:53 2025 : telemetry_server.c : telemetry_server_start : Telemetry server started
Tue Jul  8 12:32:53 2025 : telemetry_server.c : telemetry_init_socket : Telemetry server started successfully on port 8082
Tue Jul  8 12:32:53 2025 : telemetry_server.c : telemetry_server_thread : Telemetry server thread started
Tue Jul  8 12:39:59 2025 : telemetry_server.c : telemetry_server_init : Telemetry server initialized
Tue Jul  8 12:39:59 2025 : telemetry_server.c : telemetry_server_start : Telemetry server started
Tue Jul  8 12:39:59 2025 : telemetry_server.c : telemetry_init_socket : Telemetry server started successfully on port 8082
Tue Jul  8 12:39:59 2025 : telemetry_server.c : telemetry_server_thread : Telemetry server thread started
Tue Jul  8 12:42:13 2025 : telemetry_server.c : telemetry_server_thread : Shutting down telemetry server
Tue Jul  8 12:42:13 2025 : telemetry_server.c : telemetry_server_stop : Telemetry server stopped
Tue Jul  8 13:19:22 2025 : telemetry_server.c : telemetry_server_init : Telemetry server initialized
Tue Jul  8 13:19:22 2025 : telemetry_server.c : telemetry_server_start : Telemetry server started
Tue Jul  8 13:19:22 2025 : telemetry_server.c : telemetry_init_socket : Telemetry server started successfully on port 8082
Tue Jul  8 13:19:22 2025 : telemetry_server.c : telemetry_server_thread : Telemetry server thread started
Tue Jul  8 13:21:36 2025 : telemetry_server.c : telemetry_server_thread : Shutting down telemetry server
Tue Jul  8 13:21:36 2025 : telemetry_server.c : telemetry_server_stop : Telemetry server stopped
Tue Jul  8 13:22:33 2025 : telemetry_server.c : telemetry_server_init : Telemetry server initialized
Tue Jul  8 13:22:33 2025 : telemetry_server.c : telemetry_server_start : Telemetry server started
Tue Jul  8 13:22:33 2025 : telemetry_server.c : telemetry_init_socket : Telemetry server started successfully on port 8082
Tue Jul  8 13:22:33 2025 : telemetry_server.c : telemetry_server_thread : Telemetry server thread started
Tue Jul  8 13:22:46 2025 : telemetry_server.c : telemetry_server_thread : Shutting down telemetry server
Tue Jul  8 13:22:46 2025 : telemetry_server.c : telemetry_server_stop : Telemetry server stopped
Tue Jul  8 13:23:39 2025 : telemetry_server.c : telemetry_server_init : Telemetry server initialized
Tue Jul  8 13:23:39 2025 : telemetry_server.c : telemetry_server_start : Telemetry server started
Tue Jul  8 13:23:39 2025 : telemetry_server.c : telemetry_init_socket : Telemetry server started successfully on port 8082
Tue Jul  8 13:23:39 2025 : telemetry_server.c : telemetry_server_thread : Telemetry server thread started
Tue Jul  8 13:23:49 2025 : telemetry_server.c : telemetry_server_thread : Shutting down telemetry server
Tue Jul  8 13:23:49 2025 : telemetry_server.c : telemetry_server_stop : Telemetry server stopped
